<?xml version="1.0" encoding="UTF-8"?>
<!-- Generated by org.testng.reporters.JUnitReportReporter -->
<testsuite hostname="sys" name="com.filetest.sampleTest" tests="1" failures="0" timestamp="25 May 2020 02:05:14 GMT" time="3.438" errors="0">
  <testcase name="readData" time="3.438" classname="com.filetest.sampleTest"/>
</testsuite> <!-- com.filetest.sampleTest -->
