<?xml version="1.0" encoding="UTF-8"?>
<!-- Generated by org.testng.reporters.JUnitReportReporter -->
<testsuite hostname="sys" name="com.filetest.Test1" tests="4" failures="0" timestamp="24 May 2020 22:14:16 GMT" time="2.314" errors="0">
  <testcase name="ValidateTest" time="0.011" classname="com.filetest.Test1"/>
  <testcase name="ValidateTest2" time="0.003" classname="com.filetest.Test1"/>
  <testcase name="ValidateTest3" time="0.016" classname="com.filetest.Test1"/>
  <testcase name="ValidateFileformat" time="2.284" classname="com.filetest.Test1"/>
</testsuite> <!-- com.filetest.Test1 -->
