<?xml version="1.0" encoding="UTF-8"?>
<!-- Generated by org.testng.reporters.JUnitReportReporter -->
<testsuite hostname="sys" name="com.filetest.Test1" tests="1" failures="0" timestamp="22 Nov 2018 21:04:33 GMT" time="0.016" errors="0">
  <testcase name="ValidateFileformat" time="0.016" classname="com.filetest.Test1"/>
</testsuite> <!-- com.filetest.Test1 -->
